<?xml version="1.0" encoding="UTF-8"?>
<testsuite name="Scenario: creation fails when password and password confirmation do not match" tests="4" skipped="0" failures="0" errors="0" timestamp="2018-11-18T11:32:41" hostname="dhcp-asv-91" time="0.012">
  <properties/>
  <testcase name="Given command new user is selected" classname="Scenario: creation fails when password and password confirmation do not match" time="0.0"/>
  <testcase name="When a valid username &quot;liisa3&quot; and correct password &quot;salaatti2&quot; and not matching password confirmation &quot;salaatii2&quot; are entered" classname="Scenario: creation fails when password and password confirmation do not match" time="0.0"/>
  <testcase name="Then user is not created and error &quot;password and password confirmation do not match&quot; is reported" classname="Scenario: creation fails when password and password confirmation do not match" time="0.0"/>
  <testcase name="classMethod" classname="Scenario: creation fails when password and password confirmation do not match" time="0.037"/>
  <system-out><![CDATA[
  Scenario: creation fails with correct username and too short password                                            ?[90m# ohtu/new_user.feature:13?[0m
    ?[32mGiven ?[0m?[32mcommand new user is selected?[0m                                                                             ?[90m# Stepdefs.new_user_selected()?[0m
    ?[32mWhen ?[0m?[32ma valid username "?[0m?[32m?[1mliisa2?[0m?[32m" and incorrect password "?[0m?[32m?[1msalatt1?[0m?[32m" and matching password confirmation are entered?[0m ?[90m# Stepdefs.username_and_too_short_password_are_given(String,String)?[0m
    ?[32mThen ?[0m?[32muser is not created and error "?[0m?[32m?[1mpassword should have at least 8 characters?[0m?[32m" is reported?[0m                    ?[90m# Stepdefs.user_is_not_created_and_error_message_is_given(String)?[0m
]]></system-out>
  <system-err><![CDATA[]]></system-err>
</testsuite>
