<?xml version="1.0" encoding="UTF-8"?>
<testsuite name="Scenario: user can login with correct password" tests="4" skipped="0" failures="0" errors="0" timestamp="2018-11-18T11:32:41" hostname="dhcp-asv-91" time="0.06">
  <properties/>
  <testcase name="Given login is selected" classname="Scenario: user can login with correct password" time="0.002"/>
  <testcase name="When correct username &quot;jukka&quot; and password &quot;akkuj&quot; are given" classname="Scenario: user can login with correct password" time="0.001"/>
  <testcase name="Then user is logged in" classname="Scenario: user can login with correct password" time="0.0"/>
  <testcase name="classMethod" classname="Scenario: user can login with correct password" time="1.455"/>
  <system-out><![CDATA[]]></system-out>
  <system-err><![CDATA[[Thread-4] INFO spark.webserver.SparkServer - == Spark has ignited ...
[Thread-4] INFO spark.webserver.SparkServer - >> Listening on 0.0.0.0:4567
[Thread-4] INFO org.eclipse.jetty.server.Server - jetty-9.0.2.v20130417
[Thread-4] INFO org.eclipse.jetty.server.ServerConnector - Started ServerConnector@204aa36{HTTP/1.1}{0.0.0.0:4567}
]]></system-err>
</testsuite>
