<?xml version="1.0" encoding="UTF-8"?>
<testsuite name="Scenario: creation fails with too short username and valid password" tests="4" skipped="0" failures="0" errors="0" timestamp="2018-11-18T11:32:41" hostname="dhcp-asv-91" time="0.013">
  <properties/>
  <testcase name="Given command new user is selected" classname="Scenario: creation fails with too short username and valid password" time="0.0"/>
  <testcase name="When a short username &quot;li&quot; and password &quot;salainen1&quot; and matching password confirmation are entered" classname="Scenario: creation fails with too short username and valid password" time="0.0"/>
  <testcase name="Then user is not created and error &quot;username should have at least 3 characters&quot; is reported" classname="Scenario: creation fails with too short username and valid password" time="0.0"/>
  <testcase name="classMethod" classname="Scenario: creation fails with too short username and valid password" time="0.04"/>
  <system-out><![CDATA[
  Scenario: creation is successful with valid username and password                                       ?[90m# ohtu/new_user.feature:3?[0m
    ?[32mGiven ?[0m?[32mcommand new user is selected?[0m                                                                    ?[90m# Stepdefs.new_user_selected()?[0m
    ?[32mWhen ?[0m?[32ma valid username "?[0m?[32m?[1mliisa?[0m?[32m" and password "?[0m?[32m?[1msalainen1?[0m?[32m" and matching password confirmation are entered?[0m ?[90m# Stepdefs.valid_username_and_matching_passwords_are_given(String,String)?[0m
    ?[32mThen ?[0m?[32ma new user is created?[0m                                                                            ?[90m# Stepdefs.new_user_is_created()?[0m
]]></system-out>
  <system-err><![CDATA[]]></system-err>
</testsuite>
