<?xml version="1.0" encoding="UTF-8"?>
<testsuite name="Scenario: creation is successful with valid username and password" tests="4" skipped="0" failures="0" errors="0" timestamp="2018-11-18T11:32:41" hostname="dhcp-asv-91" time="0.06">
  <properties/>
  <testcase name="Given command new user is selected" classname="Scenario: creation is successful with valid username and password" time="0.001"/>
  <testcase name="When a valid username &quot;liisa&quot; and password &quot;salainen1&quot; and matching password confirmation are entered" classname="Scenario: creation is successful with valid username and password" time="0.0"/>
  <testcase name="Then a new user is created" classname="Scenario: creation is successful with valid username and password" time="0.0"/>
  <testcase name="classMethod" classname="Scenario: creation is successful with valid username and password" time="0.096"/>
  <system-out><![CDATA[]]></system-out>
  <system-err><![CDATA[]]></system-err>
</testsuite>
