<?xml version="1.0" encoding="UTF-8"?>
<testsuite name="Scenario: user can not login with incorrect password" tests="4" skipped="0" failures="0" errors="0" timestamp="2018-11-18T11:32:41" hostname="dhcp-asv-91" time="0.031">
  <properties/>
  <testcase name="Given login is selected" classname="Scenario: user can not login with incorrect password" time="0.0"/>
  <testcase name="When correct username &quot;jukka&quot; and incorrect password &quot;wrong&quot; are given" classname="Scenario: user can not login with incorrect password" time="0.0"/>
  <testcase name="Then user is not logged in and error message is given" classname="Scenario: user can not login with incorrect password" time="0.0"/>
  <testcase name="classMethod" classname="Scenario: user can not login with incorrect password" time="0.072"/>
  <system-out><![CDATA[
  Scenario: user can login with correct password                 ?[90m# ohtu/logging_in.feature:3?[0m
    ?[32mGiven ?[0m?[32mlogin is selected?[0m                                      ?[90m# Stepdefs.login_selected()?[0m
    ?[32mWhen ?[0m?[32mcorrect username "?[0m?[32m?[1mjukka?[0m?[32m" and password "?[0m?[32m?[1makkuj?[0m?[32m" are given?[0m ?[90m# Stepdefs.username_correct_and_password_are_given(String,String)?[0m
    ?[32mThen ?[0m?[32muser is logged in?[0m                                       ?[90m# Stepdefs.user_is_logged_in()?[0m
]]></system-out>
  <system-err><![CDATA[]]></system-err>
</testsuite>
